app/mapping.txt
net.wtako.IIDXSPGuide.BuildConfig -> net.wtako.IIDXSPGuide.BuildConfig:
    boolean DEBUG -> DEBUG
    java.lang.String APPLICATION_ID -> APPLICATION_ID
    java.lang.String BUILD_TYPE -> BUILD_TYPE
    java.lang.String FLAVOR -> FLAVOR
    int VERSION_CODE -> VERSION_CODE
    java.lang.String VERSION_NAME -> VERSION_NAME
    6:6:void <init>() -> <init>
net.wtako.IIDXSPGuide.IIDXSPGuide -> net.wtako.IIDXSPGuide.IIDXSPGuide:
    java.util.Map mTrackers -> a
    11:37:void <init>() -> <init>
    19:23:void onCreate() -> onCreate
    26:34:com.google.android.gms.analytics.Tracker getTracker(net.wtako.IIDXSPGuide.IIDXSPGuide$TrackerName) -> getTracker
net.wtako.IIDXSPGuide.IIDXSPGuide$TrackerName -> net.wtako.IIDXSPGuide.IIDXSPGuide$TrackerName:
    net.wtako.IIDXSPGuide.IIDXSPGuide$TrackerName APP_TRACKER -> APP_TRACKER
    net.wtako.IIDXSPGuide.IIDXSPGuide$TrackerName GLOBAL_TRACKER -> GLOBAL_TRACKER
    net.wtako.IIDXSPGuide.IIDXSPGuide$TrackerName ECOMMERCE_TRACKER -> ECOMMERCE_TRACKER
    net.wtako.IIDXSPGuide.IIDXSPGuide$TrackerName[] $VALUES -> a
    37:37:net.wtako.IIDXSPGuide.IIDXSPGuide$TrackerName[] values() -> values
    37:37:net.wtako.IIDXSPGuide.IIDXSPGuide$TrackerName valueOf(java.lang.String) -> valueOf
    37:37:void <init>(java.lang.String,int) -> <init>
    37:40:void <clinit>() -> <clinit>
net.wtako.IIDXSPGuide.R -> net.wtako.IIDXSPGuide.R:
    10:3268:void <init>() -> <init>
net.wtako.IIDXSPGuide.R$anim -> net.wtako.IIDXSPGuide.R$anim:
    int abc_fade_in -> abc_fade_in
    int abc_fade_out -> abc_fade_out
    int abc_grow_fade_in_from_bottom -> abc_grow_fade_in_from_bottom
    int abc_popup_enter -> abc_popup_enter
    int abc_popup_exit -> abc_popup_exit
    int abc_shrink_fade_out_from_bottom -> abc_shrink_fade_out_from_bottom
    int abc_slide_in_bottom -> abc_slide_in_bottom
    int abc_slide_in_top -> abc_slide_in_top
    int abc_slide_out_bottom -> abc_slide_out_bottom
    int abc_slide_out_top -> abc_slide_out_top
    int decelerate_cubic -> decelerate_cubic
    int popup_enter -> popup_enter
    int popup_exit -> popup_exit
    11:11:void <init>() -> <init>
net.wtako.IIDXSPGuide.R$attr -> net.wtako.IIDXSPGuide.R$attr:
    int actionBarDivider -> actionBarDivider
    int actionBarItemBackground -> actionBarItemBackground
    int actionBarPopupTheme -> actionBarPopupTheme
    int actionBarSize -> actionBarSize
    int actionBarSplitStyle -> actionBarSplitStyle
    int actionBarStyle -> actionBarStyle
    int actionBarTabBarStyle -> actionBarTabBarStyle
    int actionBarTabStyle -> actionBarTabStyle
    int actionBarTabTextStyle -> actionBarTabTextStyle
    int actionBarTheme -> actionBarTheme
    int actionBarWidgetTheme -> actionBarWidgetTheme
    int actionButtonStyle -> actionButtonStyle
    int actionDropDownStyle -> actionDropDownStyle
    int actionLayout -> actionLayout
    int actionMenuTextAppearance -> actionMenuTextAppearance
    int actionMenuTextColor -> actionMenuTextColor
    int actionModeBackground -> actionModeBackground
    int actionModeCloseButtonStyle -> actionModeCloseButtonStyle
    int actionModeCloseDrawable -> actionModeCloseDrawable
    int actionModeCopyDrawable -> actionModeCopyDrawable
    int actionModeCutDrawable -> actionModeCutDrawable
    int actionModeFindDrawable -> actionModeFindDrawable
    int actionModePasteDrawable -> actionModePasteDrawable
    int actionModePopupWindowStyle -> actionModePopupWindowStyle
    int actionModeSelectAllDrawable -> actionModeSelectAllDrawable
    int actionModeShareDrawable -> actionModeShareDrawable
...
com.google.android.gms.analytics.R$styleable -> com.google.android.gms.analytics.R$styleable:
    int[] AdsAttrs -> AdsAttrs
    int AdsAttrs_adSize -> AdsAttrs_adSize
    int AdsAttrs_adSizes -> AdsAttrs_adSizes
    int AdsAttrs_adUnitId -> AdsAttrs_adUnitId
    int[] LoadingImageView -> LoadingImageView
    int LoadingImageView_circleCrop -> LoadingImageView_circleCrop
    int LoadingImageView_imageAspectRatio -> LoadingImageView_imageAspectRatio
    int LoadingImageView_imageAspectRatioAdjust -> LoadingImageView_imageAspectRatioAdjust
    122:122:void <init>() -> <init>
    123:127:void <clinit>() -> <clinit>
com.google.android.gms.analytics.StandardExceptionParser -> com.google.android.gms.analytics.StandardExceptionParser:
    java.util.TreeSet zzIG -> a
    void <init>(android.content.Context,java.util.Collection) -> <init>
    void setIncludedPackages(android.content.Context,java.util.Collection) -> setIncludedPackages
    java.lang.Throwable getCause(java.lang.Throwable) -> getCause
    java.lang.StackTraceElement getBestStackTraceElement(java.lang.Throwable) -> getBestStackTraceElement
    java.lang.String getDescription(java.lang.Throwable,java.lang.StackTraceElement,java.lang.String) -> getDescription
    java.lang.String getDescription(java.lang.String,java.lang.Throwable) -> getDescription
com.google.android.gms.analytics.Tracker -> com.google.android.gms.analytics.Tracker:
    boolean zzIH -> a
    java.util.Map zzyn -> b
    java.util.Map zzII -> c
    com.google.android.gms.analytics.internal.zzad zzIJ -> d
    com.google.android.gms.analytics.Tracker$zza zzIK -> e
    com.google.android.gms.analytics.ExceptionReporter zzIL -> f
    com.google.android.gms.analytics.internal.zzal zzIM -> g
    void <init>(com.google.android.gms.analytics.internal.zzf,java.lang.String,com.google.android.gms.analytics.internal.zzad) -> <init>
    void zzhn() -> zzhn
    void zza(com.google.android.gms.analytics.internal.zzal) -> a
    boolean zzho() -> b
    void enableExceptionReporting(boolean) -> enableExceptionReporting
    void setSessionTimeout(long) -> setSessionTimeout
    void enableAutoActivityTracking(boolean) -> enableAutoActivityTracking
    boolean zza(java.util.Map$Entry) -> a
    java.lang.String zzb(java.util.Map$Entry) -> b
    void zza(java.util.Map,java.util.Map) -> a
    void zzb(java.util.Map,java.util.Map) -> b
    void send(java.util.Map) -> send
    java.lang.String get(java.lang.String) -> get
    void set(java.lang.String,java.lang.String) -> set
    void setSampleRate(double) -> setSampleRate
    void setUseSecure(boolean) -> setUseSecure
    void setScreenName(java.lang.String) -> setScreenName
    void setLocation(java.lang.String) -> setLocation
    void setReferrer(java.lang.String) -> setReferrer
    void setPage(java.lang.String) -> setPage
com.google.android.gms.analytics.Tracker$1 -> ahg:
    java.util.Map zzIN -> a
    boolean zzIO -> b
    java.lang.String zzIP -> c
    long zzIQ -> d
    boolean zzIR -> e
    boolean zzIS -> f
    java.lang.String zzIT -> g
    com.google.android.gms.analytics.Tracker zzIU -> h
    void <init>(com.google.android.gms.analytics.Tracker,java.util.Map,boolean,java.lang.String,long,boolean,boolean,java.lang.String) -> <init>
    void run() -> run
com.google.android.gms.analytics.Tracker$zza -> ahh:
    boolean zzIV -> b
    int zzIW -> c
    long zzIX -> d
    boolean zzIY -> e
    long zzIZ -> f
    com.google.android.gms.analytics.Tracker zzIU -> a
    void <init>(com.google.android.gms.analytics.Tracker,com.google.android.gms.analytics.internal.zzf) -> <init>
    void zzhn() -> zzhn
    void setSessionTimeout(long) -> a
    void enableAutoActivityTracking(boolean) -> a
    boolean zzhq() -> a
    void zzhr() -> c
    void zzn(android.app.Activity) -> a
    void zzo(android.app.Activity) -> b
    boolean zzhs() -> b